{"E:\\dev\\econtrol\\eControleApp-Pro\\services\\mtr.ts": {"path":"E:\\dev\\econtrol\\eControleApp-Pro\\services\\mtr.ts","statementMap":{"0":{"start":{"line":10,"column":0},"end":{"line":10,"column":null}},"1":{"start":{"line":50,"column":2},"end":{"line":50,"column":47}},"2":{"start":{"line":47,"column":0},"end":{"line":47,"column":16}},"3":{"start":{"line":77,"column":2},"end":{"line":77,"column":35}},"4":{"start":{"line":76,"column":0},"end":{"line":76,"column":7}},"5":{"start":{"line":97,"column":2},"end":{"line":97,"column":50}},"6":{"start":{"line":93,"column":0},"end":{"line":93,"column":7}},"7":{"start":{"line":106,"column":13},"end":{"line":106,"column":45}},"8":{"start":{"line":108,"column":0},"end":{"line":113,"column":2}}},"fnMap":{"0":{"name":"buildDefaultPayload","decl":{"start":{"line":47,"column":16},"end":{"line":47,"column":35}},"loc":{"start":{"line":48,"column":41},"end":{"line":51,"column":1}}},"1":{"name":"emitirMTR","decl":{"start":{"line":76,"column":22},"end":{"line":76,"column":31}},"loc":{"start":{"line":76,"column":55},"end":{"line":78,"column":1}}},"2":{"name":"downloadMTRById","decl":{"start":{"line":93,"column":22},"end":{"line":93,"column":37}},"loc":{"start":{"line":95,"column":27},"end":{"line":98,"column":1}}}},"branchMap":{"0":{"loc":{"start":{"line":48,"column":2},"end":{"line":48,"column":41}},"type":"default-arg","locations":[{"start":{"line":48,"column":39},"end":{"line":48,"column":41}}]},"1":{"loc":{"start":{"line":95,"column":2},"end":{"line":95,"column":27}},"type":"default-arg","locations":[{"start":{"line":95,"column":23},"end":{"line":95,"column":27}}]}},"s":{"0":1,"1":1,"2":1,"3":2,"4":1,"5":2,"6":1,"7":1,"8":1},"f":{"0":1,"1":2,"2":2},"b":{"0":[0],"1":[1]}}
,"E:\\dev\\econtrol\\eControleApp-Pro\\services\\mtrService.ts": {"path":"E:\\dev\\econtrol\\eControleApp-Pro\\services\\mtrService.ts","statementMap":{"0":{"start":{"line":1,"column":0},"end":{"line":1,"column":42}},"1":{"start":{"line":2,"column":0},"end":{"line":2,"column":47}},"2":{"start":{"line":3,"column":0},"end":{"line":3,"column":40}},"3":{"start":{"line":4,"column":0},"end":{"line":4,"column":37}},"4":{"start":{"line":5,"column":0},"end":{"line":5,"column":31}},"5":{"start":{"line":6,"column":0},"end":{"line":6,"column":55}},"6":{"start":{"line":7,"column":0},"end":{"line":7,"column":55}},"7":{"start":{"line":12,"column":25},"end":{"line":12,"column":80}},"8":{"start":{"line":13,"column":26},"end":{"line":13,"column":53}},"9":{"start":{"line":14,"column":26},"end":{"line":14,"column":74}},"10":{"start":{"line":15,"column":30},"end":{"line":15,"column":64}},"11":{"start":{"line":116,"column":2},"end":{"line":150,"column":3}},"12":{"start":{"line":117,"column":21},"end":{"line":129,"column":null}},"13":{"start":{"line":133,"column":17},"end":{"line":133,"column":30}},"14":{"start":{"line":134,"column":18},"end":{"line":134,"column":72}},"15":{"start":{"line":136,"column":4},"end":{"line":138,"column":5}},"16":{"start":{"line":137,"column":6},"end":{"line":137,"column":99}},"17":{"start":{"line":140,"column":4},"end":{"line":140,"column":17}},"18":{"start":{"line":142,"column":23},"end":{"line":142,"column":42}},"19":{"start":{"line":143,"column":25},"end":{"line":145,"column":26}},"20":{"start":{"line":147,"column":4},"end":{"line":149,"column":6}},"21":{"start":{"line":115,"column":0},"end":{"line":115,"column":7}},"22":{"start":{"line":165,"column":2},"end":{"line":186,"column":3}},"23":{"start":{"line":167,"column":16},"end":{"line":167,"column":53}},"24":{"start":{"line":169,"column":21},"end":{"line":174,"column":6}},"25":{"start":{"line":176,"column":4},"end":{"line":176,"column":25}},"26":{"start":{"line":178,"column":23},"end":{"line":178,"column":42}},"27":{"start":{"line":179,"column":25},"end":{"line":181,"column":26}},"28":{"start":{"line":183,"column":4},"end":{"line":185,"column":6}},"29":{"start":{"line":161,"column":0},"end":{"line":161,"column":7}},"30":{"start":{"line":203,"column":2},"end":{"line":228,"column":3}},"31":{"start":{"line":204,"column":29},"end":{"line":204,"column":59}},"32":{"start":{"line":205,"column":24},"end":{"line":205,"column":68}},"33":{"start":{"line":206,"column":21},"end":{"line":206,"column":73}},"34":{"start":{"line":209,"column":27},"end":{"line":211,"column":null}},"35":{"start":{"line":215,"column":4},"end":{"line":220,"column":5}},"36":{"start":{"line":216,"column":6},"end":{"line":219,"column":9}},"37":{"start":{"line":222,"column":4},"end":{"line":225,"column":6}},"38":{"start":{"line":227,"column":4},"end":{"line":227,"column":73}},"39":{"start":{"line":198,"column":0},"end":{"line":198,"column":7}},"40":{"start":{"line":251,"column":22},"end":{"line":251,"column":61}},"41":{"start":{"line":254,"column":19},"end":{"line":254,"column":61}},"42":{"start":{"line":258,"column":2},"end":{"line":260,"column":3}},"43":{"start":{"line":259,"column":4},"end":{"line":259,"column":50}},"44":{"start":{"line":262,"column":2},"end":{"line":265,"column":4}},"45":{"start":{"line":242,"column":0},"end":{"line":242,"column":7}},"46":{"start":{"line":275,"column":41},"end":{"line":305,"column":4}},"47":{"start":{"line":307,"column":2},"end":{"line":310,"column":4}},"48":{"start":{"line":274,"column":0},"end":{"line":274,"column":16}},"49":{"start":{"line":328,"column":6},"end":{"line":328,"column":13}},"50":{"start":{"line":331,"column":2},"end":{"line":331,"column":14}},"51":{"start":{"line":333,"column":2},"end":{"line":369,"column":3}},"52":{"start":{"line":335,"column":20},"end":{"line":340,"column":6}},"53":{"start":{"line":343,"column":44},"end":{"line":347,"column":6}},"54":{"start":{"line":350,"column":19},"end":{"line":350,"column":69}},"55":{"start":{"line":353,"column":4},"end":{"line":361,"column":5}},"56":{"start":{"line":354,"column":6},"end":{"line":354,"column":33}},"57":{"start":{"line":356,"column":6},"end":{"line":360,"column":8}},"58":{"start":{"line":364,"column":4},"end":{"line":368,"column":5}},"59":{"start":{"line":365,"column":6},"end":{"line":365,"column":21}},"60":{"start":{"line":367,"column":6},"end":{"line":367,"column":67}},"61":{"start":{"line":318,"column":0},"end":{"line":318,"column":7}},"62":{"start":{"line":383,"column":2},"end":{"line":383,"column":50}},"63":{"start":{"line":379,"column":0},"end":{"line":379,"column":7}},"64":{"start":{"line":397,"column":14},"end":{"line":397,"column":36}},"65":{"start":{"line":398,"column":27},"end":{"line":398,"column":43}},"66":{"start":{"line":400,"column":2},"end":{"line":402,"column":3}},"67":{"start":{"line":401,"column":4},"end":{"line":401,"column":38}},"68":{"start":{"line":404,"column":19},"end":{"line":404,"column":33}},"69":{"start":{"line":405,"column":2},"end":{"line":405,"column":52}},"70":{"start":{"line":406,"column":2},"end":{"line":406,"column":78}},"71":{"start":{"line":406,"column":45},"end":{"line":406,"column":76}},"72":{"start":{"line":408,"column":2},"end":{"line":416,"column":3}},"73":{"start":{"line":409,"column":21},"end":{"line":409,"column":75}},"74":{"start":{"line":410,"column":22},"end":{"line":414,"column":6}},"75":{"start":{"line":415,"column":4},"end":{"line":415,"column":47}},"76":{"start":{"line":418,"column":2},"end":{"line":425,"column":5}},"77":{"start":{"line":392,"column":0},"end":{"line":392,"column":7}},"78":{"start":{"line":428,"column":0},"end":{"line":437,"column":2}}},"fnMap":{"0":{"name":"getTokenCetesb","decl":{"start":{"line":115,"column":22},"end":{"line":115,"column":36}},"loc":{"start":{"line":115,"column":68},"end":{"line":151,"column":1}}},"1":{"name":"emitMTRWebhook","decl":{"start":{"line":161,"column":22},"end":{"line":161,"column":36}},"loc":{"start":{"line":163,"column":21},"end":{"line":187,"column":1}}},"2":{"name":"downloadMTR","decl":{"start":{"line":198,"column":22},"end":{"line":198,"column":33}},"loc":{"start":{"line":201,"column":27},"end":{"line":229,"column":1}}},"3":{"name":"emitMTRCompleto","decl":{"start":{"line":242,"column":22},"end":{"line":242,"column":37}},"loc":{"start":{"line":245,"column":31},"end":{"line":266,"column":1}}},"4":{"name":"buildDefaultPayload","decl":{"start":{"line":274,"column":16},"end":{"line":274,"column":35}},"loc":{"start":{"line":274,"column":75},"end":{"line":311,"column":1}}},"5":{"name":"emitirMTR","decl":{"start":{"line":318,"column":22},"end":{"line":318,"column":31}},"loc":{"start":{"line":318,"column":55},"end":{"line":370,"column":1}}},"6":{"name":"downloadMTRById","decl":{"start":{"line":379,"column":22},"end":{"line":379,"column":37}},"loc":{"start":{"line":381,"column":27},"end":{"line":384,"column":1}}},"7":{"name":"generateMTR","decl":{"start":{"line":392,"column":22},"end":{"line":392,"column":33}},"loc":{"start":{"line":395,"column":20},"end":{"line":426,"column":1}}},"8":{"name":"(anonymous_15)","decl":{"start":{"line":406,"column":38},"end":{"line":406,"column":39}},"loc":{"start":{"line":406,"column":45},"end":{"line":406,"column":76}}}},"branchMap":{"0":{"loc":{"start":{"line":134,"column":18},"end":{"line":134,"column":72}},"type":"binary-expr","locations":[{"start":{"line":134,"column":18},"end":{"line":134,"column":36}},{"start":{"line":134,"column":40},"end":{"line":134,"column":51}},{"start":{"line":134,"column":55},"end":{"line":134,"column":72}}]},"1":{"loc":{"start":{"line":136,"column":4},"end":{"line":138,"column":5}},"type":"if","locations":[{"start":{"line":136,"column":4},"end":{"line":138,"column":5}}]},"2":{"loc":{"start":{"line":143,"column":25},"end":{"line":145,"column":26}},"type":"cond-expr","locations":[{"start":{"line":144,"column":8},"end":{"line":144,"column":48}},{"start":{"line":145,"column":8},"end":{"line":145,"column":26}}]},"3":{"loc":{"start":{"line":148,"column":26},"end":{"line":148,"column":58}},"type":"binary-expr","locations":[{"start":{"line":148,"column":26},"end":{"line":148,"column":39}},{"start":{"line":148,"column":43},"end":{"line":148,"column":58}}]},"4":{"loc":{"start":{"line":179,"column":25},"end":{"line":181,"column":26}},"type":"cond-expr","locations":[{"start":{"line":180,"column":8},"end":{"line":180,"column":48}},{"start":{"line":181,"column":8},"end":{"line":181,"column":26}}]},"5":{"loc":{"start":{"line":184,"column":26},"end":{"line":184,"column":58}},"type":"binary-expr","locations":[{"start":{"line":184,"column":26},"end":{"line":184,"column":39}},{"start":{"line":184,"column":43},"end":{"line":184,"column":58}}]},"6":{"loc":{"start":{"line":201,"column":2},"end":{"line":201,"column":27}},"type":"default-arg","locations":[{"start":{"line":201,"column":23},"end":{"line":201,"column":27}}]},"7":{"loc":{"start":{"line":204,"column":29},"end":{"line":204,"column":59}},"type":"binary-expr","locations":[{"start":{"line":204,"column":29},"end":{"line":204,"column":37}},{"start":{"line":204,"column":41},"end":{"line":204,"column":59}}]},"8":{"loc":{"start":{"line":215,"column":4},"end":{"line":220,"column":5}},"type":"if","locations":[{"start":{"line":215,"column":4},"end":{"line":220,"column":5}}]},"9":{"loc":{"start":{"line":215,"column":8},"end":{"line":215,"column":55}},"type":"binary-expr","locations":[{"start":{"line":215,"column":8},"end":{"line":215,"column":17}},{"start":{"line":215,"column":22},"end":{"line":215,"column":54}}]},"10":{"loc":{"start":{"line":227,"column":37},"end":{"line":227,"column":69}},"type":"binary-expr","locations":[{"start":{"line":227,"column":37},"end":{"line":227,"column":50}},{"start":{"line":227,"column":54},"end":{"line":227,"column":69}}]},"11":{"loc":{"start":{"line":245,"column":2},"end":{"line":245,"column":31}},"type":"default-arg","locations":[{"start":{"line":245,"column":26},"end":{"line":245,"column":31}}]},"12":{"loc":{"start":{"line":258,"column":2},"end":{"line":260,"column":3}},"type":"if","locations":[{"start":{"line":258,"column":2},"end":{"line":260,"column":3}}]},"13":{"loc":{"start":{"line":258,"column":6},"end":{"line":258,"column":37}},"type":"binary-expr","locations":[{"start":{"line":258,"column":6},"end":{"line":258,"column":18}},{"start":{"line":258,"column":22},"end":{"line":258,"column":37}}]},"14":{"loc":{"start":{"line":274,"column":36},"end":{"line":274,"column":75}},"type":"default-arg","locations":[{"start":{"line":274,"column":73},"end":{"line":274,"column":75}}]},"15":{"loc":{"start":{"line":343,"column":44},"end":{"line":347,"column":6}},"type":"binary-expr","locations":[{"start":{"line":343,"column":44},"end":{"line":343,"column":61}},{"start":{"line":343,"column":65},"end":{"line":347,"column":6}}]},"16":{"loc":{"start":{"line":344,"column":15},"end":{"line":344,"column":43}},"type":"binary-expr","locations":[{"start":{"line":344,"column":15},"end":{"line":344,"column":37}},{"start":{"line":344,"column":41},"end":{"line":344,"column":43}}]},"17":{"loc":{"start":{"line":345,"column":13},"end":{"line":345,"column":43}},"type":"binary-expr","locations":[{"start":{"line":345,"column":13},"end":{"line":345,"column":37}},{"start":{"line":345,"column":41},"end":{"line":345,"column":43}}]},"18":{"loc":{"start":{"line":346,"column":15},"end":{"line":346,"column":47}},"type":"binary-expr","locations":[{"start":{"line":346,"column":15},"end":{"line":346,"column":41}},{"start":{"line":346,"column":45},"end":{"line":346,"column":47}}]},"19":{"loc":{"start":{"line":353,"column":4},"end":{"line":361,"column":5}},"type":"if","locations":[{"start":{"line":353,"column":4},"end":{"line":361,"column":5}},{"start":{"line":355,"column":11},"end":{"line":361,"column":5}}]},"20":{"loc":{"start":{"line":364,"column":4},"end":{"line":368,"column":5}},"type":"if","locations":[{"start":{"line":364,"column":4},"end":{"line":368,"column":5}},{"start":{"line":366,"column":11},"end":{"line":368,"column":5}}]},"21":{"loc":{"start":{"line":367,"column":28},"end":{"line":367,"column":65}},"type":"binary-expr","locations":[{"start":{"line":367,"column":28},"end":{"line":367,"column":41}},{"start":{"line":367,"column":45},"end":{"line":367,"column":65}}]},"22":{"loc":{"start":{"line":381,"column":2},"end":{"line":381,"column":27}},"type":"default-arg","locations":[{"start":{"line":381,"column":23},"end":{"line":381,"column":27}}]},"23":{"loc":{"start":{"line":395,"column":2},"end":{"line":395,"column":20}},"type":"default-arg","locations":[{"start":{"line":395,"column":18},"end":{"line":395,"column":20}}]},"24":{"loc":{"start":{"line":400,"column":2},"end":{"line":402,"column":3}},"type":"if","locations":[{"start":{"line":400,"column":2},"end":{"line":402,"column":3}}]},"25":{"loc":{"start":{"line":400,"column":6},"end":{"line":400,"column":46}},"type":"binary-expr","locations":[{"start":{"line":400,"column":6},"end":{"line":400,"column":18}},{"start":{"line":400,"column":22},"end":{"line":400,"column":46}}]},"26":{"loc":{"start":{"line":406,"column":14},"end":{"line":406,"column":28}},"type":"binary-expr","locations":[{"start":{"line":406,"column":14},"end":{"line":406,"column":22}},{"start":{"line":406,"column":26},"end":{"line":406,"column":28}}]},"27":{"loc":{"start":{"line":408,"column":2},"end":{"line":416,"column":3}},"type":"if","locations":[{"start":{"line":408,"column":2},"end":{"line":416,"column":3}}]},"28":{"loc":{"start":{"line":409,"column":21},"end":{"line":409,"column":75}},"type":"binary-expr","locations":[{"start":{"line":409,"column":21},"end":{"line":409,"column":46}},{"start":{"line":409,"column":50},"end":{"line":409,"column":75}}]}},"s":{"0":0,"1":0,"2":0,"3":0,"4":0,"5":0,"6":0,"7":0,"8":0,"9":0,"10":0,"11":0,"12":0,"13":0,"14":0,"15":0,"16":0,"17":0,"18":0,"19":0,"20":0,"21":0,"22":0,"23":0,"24":0,"25":0,"26":0,"27":0,"28":0,"29":0,"30":0,"31":0,"32":0,"33":0,"34":0,"35":0,"36":0,"37":0,"38":0,"39":0,"40":0,"41":0,"42":0,"43":0,"44":0,"45":0,"46":0,"47":0,"48":0,"49":0,"50":0,"51":0,"52":0,"53":0,"54":0,"55":0,"56":0,"57":0,"58":0,"59":0,"60":0,"61":0,"62":0,"63":0,"64":0,"65":0,"66":0,"67":0,"68":0,"69":0,"70":0,"71":0,"72":0,"73":0,"74":0,"75":0,"76":0,"77":0,"78":0},"f":{"0":0,"1":0,"2":0,"3":0,"4":0,"5":0,"6":0,"7":0,"8":0},"b":{"0":[0,0,0],"1":[0],"2":[0,0],"3":[0,0],"4":[0,0],"5":[0,0],"6":[0],"7":[0,0],"8":[0],"9":[0,0],"10":[0,0],"11":[0],"12":[0],"13":[0,0],"14":[0],"15":[0,0],"16":[0,0],"17":[0,0],"18":[0,0],"19":[0,0],"20":[0,0],"21":[0,0],"22":[0],"23":[0],"24":[0],"25":[0,0],"26":[0,0],"27":[0],"28":[0,0]}}
}
