TN:
SF:services\mtr.ts
FN:47,buildDefaultPayload
FN:76,emitirMTR
FN:93,downloadMTRById
FNF:3
FNH:3
FNDA:1,buildDefaultPayload
FNDA:2,emitirMTR
FNDA:2,downloadMTRById
DA:10,1
DA:47,1
DA:50,1
DA:76,1
DA:77,2
DA:93,1
DA:97,2
DA:106,1
DA:108,1
LF:9
LH:9
BRDA:48,0,0,0
BRDA:95,1,0,1
BRF:2
BRH:1
end_of_record
TN:
SF:services\mtrService.ts
FN:115,getTokenCetesb
FN:161,emitMTRWebhook
FN:198,downloadMTR
FN:242,emitMTRCompleto
FN:274,buildDefaultPayload
FN:318,emitirMTR
FN:379,downloadMTRById
FN:392,generateMTR
FN:406,(anonymous_15)
FNF:9
FNH:0
FNDA:0,getTokenCetesb
FNDA:0,emitMTRWebhook
FNDA:0,downloadMTR
FNDA:0,emitMTRCompleto
FNDA:0,buildDefaultPayload
FNDA:0,emitirMTR
FNDA:0,downloadMTRById
FNDA:0,generateMTR
FNDA:0,(anonymous_15)
DA:1,0
DA:2,0
DA:3,0
DA:4,0
DA:5,0
DA:6,0
DA:7,0
DA:12,0
DA:13,0
DA:14,0
DA:15,0
DA:115,0
DA:116,0
DA:117,0
DA:133,0
DA:134,0
DA:136,0
DA:137,0
DA:140,0
DA:142,0
DA:143,0
DA:147,0
DA:161,0
DA:165,0
DA:167,0
DA:169,0
DA:176,0
DA:178,0
DA:179,0
DA:183,0
DA:198,0
DA:203,0
DA:204,0
DA:205,0
DA:206,0
DA:209,0
DA:215,0
DA:216,0
DA:222,0
DA:227,0
DA:242,0
DA:251,0
DA:254,0
DA:258,0
DA:259,0
DA:262,0
DA:274,0
DA:275,0
DA:307,0
DA:318,0
DA:328,0
DA:331,0
DA:333,0
DA:335,0
DA:343,0
DA:350,0
DA:353,0
DA:354,0
DA:356,0
DA:364,0
DA:365,0
DA:367,0
DA:379,0
DA:383,0
DA:392,0
DA:397,0
DA:398,0
DA:400,0
DA:401,0
DA:404,0
DA:405,0
DA:406,0
DA:408,0
DA:409,0
DA:410,0
DA:415,0
DA:418,0
DA:428,0
LF:78
LH:0
BRDA:134,0,0,0
BRDA:134,0,1,0
BRDA:134,0,2,0
BRDA:136,1,0,0
BRDA:143,2,0,0
BRDA:143,2,1,0
BRDA:148,3,0,0
BRDA:148,3,1,0
BRDA:179,4,0,0
BRDA:179,4,1,0
BRDA:184,5,0,0
BRDA:184,5,1,0
BRDA:201,6,0,0
BRDA:204,7,0,0
BRDA:204,7,1,0
BRDA:215,8,0,0
BRDA:215,9,0,0
BRDA:215,9,1,0
BRDA:227,10,0,0
BRDA:227,10,1,0
BRDA:245,11,0,0
BRDA:258,12,0,0
BRDA:258,13,0,0
BRDA:258,13,1,0
BRDA:274,14,0,0
BRDA:343,15,0,0
BRDA:343,15,1,0
BRDA:344,16,0,0
BRDA:344,16,1,0
BRDA:345,17,0,0
BRDA:345,17,1,0
BRDA:346,18,0,0
BRDA:346,18,1,0
BRDA:353,19,0,0
BRDA:353,19,1,0
BRDA:364,20,0,0
BRDA:364,20,1,0
BRDA:367,21,0,0
BRDA:367,21,1,0
BRDA:381,22,0,0
BRDA:395,23,0,0
BRDA:400,24,0,0
BRDA:400,25,0,0
BRDA:400,25,1,0
BRDA:406,26,0,0
BRDA:406,26,1,0
BRDA:408,27,0,0
BRDA:409,28,0,0
BRDA:409,28,1,0
BRF:49
BRH:0
end_of_record
